[20:44:39] [Render thread/INFO] [JMLogger] JourneyMap log initialized.
[20:44:39] [Render thread/INFO] [JourneymapClient] initialize ENTER
[20:44:39] [Render thread/INFO] [ClientAPI] [ClientAPI] built with JourneyMap API 1.9-SNAPSHOT
[20:44:39] [Render thread/INFO] [PluginHelper] Initializing plugins with Client API: journeymap.client.api.impl.ClientAPI
[20:44:39] [Render thread/INFO] [PluginHelper] Initialized IClientPlugin: net.blay09.mods.waystones.compat.JourneyMapIntegration
[20:44:39] [Render thread/DEBUG] [JourneymapClient] Loading and Generating Journeymap configs
[20:44:39] [Render thread/WARN] [PropertiesBase] core (Initialized) Bad configField entry during updateFrom(): optionsManagerViewed=null
[20:44:39] [Render thread/WARN] [PropertiesBase] core (Initialized) Bad configField entry during updateFrom(): splashViewed=null
[20:44:39] [Render thread/INFO] [?] Version: JourneyMap 1.20.1-5.10.1, built with forge 1.20.1-47.2.30
forge: 47.3.7
Environment: os.name, os.arch, java.version, user.country, user.language=null, game language=en_us, locale=en_us
Features: 
	RadarPlayers : singleplayer = true , multiplayer = true
	RadarAnimals : singleplayer = true , multiplayer = true
	RadarMobs : singleplayer = true , multiplayer = true
	RadarVillagers : singleplayer = true , multiplayer = true
	MapTopo : singleplayer = true , multiplayer = true
	MapSurface : singleplayer = true , multiplayer = true
	MapCaves : singleplayer = true , multiplayer = true
	MapBiome : singleplayer = true , multiplayer = true
MiniMapProperties{state=Valid, file=journeymap.minimap.config, configVersion=5.10.1, zoomLevel=0, compassFontScale=1.0, terrainAlpha=100, showEntityNames=true, positionX=0.9, positionY=0.25, effectVertical=false, showPlayerHeading=true, sizePercent=30, playerDisplayScale=1.0, showDayNight=true, showPets=true, preferredMapType=day, showCompass=true, mobDisplay=jm.common.entity_display.dots, systemTimeRealFormat=HH:mm:ss, shape=jm.minimap.shape_circle, showSelf=true, selfDisplayScale=1.0, showGrid=true, reticleOrientation=jm.minimap.orientation.compass, gameTimeRealFormat=HH:mm:ss, effectTranslateX=0, showWaypoints=true, minimapKeyMovementSpeed=0.001, showAnimals=true, infoSlotAlpha=0.7, effectTranslateY=0, showWaypointLabels=true, moveEffectIcons=true, position=jm.minimap.position_topright, fontScale=1.0, showPlayers=true, waypointIconScale=1.0, frameAlpha=100, effectReversed=false, backgroundAlpha=0.8, enabled=true, showVillagers=true, info2Label=jm.theme.labelsource.gametime, info3Label=jm.theme.labelsource.location, showMobs=true, waypointLabelScale=1.0, showReticle=true, orientation=jm.minimap.orientation.north, info4Label=jm.theme.labelsource.biome, locationFormat=xzyv, playerDisplay=jm.common.entity_display.dots, mobDisplayScale=1.0, showCaves=true, showMobHeading=true, locationFormatVerbose=true, info1Label=jm.theme.labelsource.blank}
MiniMapProperties{state=Valid, file=journeymap.minimap2.config, configVersion=5.10.1, zoomLevel=0, compassFontScale=1.0, terrainAlpha=100, showEntityNames=true, positionX=0.9, positionY=0.25, effectVertical=false, showPlayerHeading=true, sizePercent=30, playerDisplayScale=1.0, showDayNight=true, showPets=true, preferredMapType=day, showCompass=true, mobDisplay=jm.common.entity_display.dots, systemTimeRealFormat=HH:mm:ss, shape=jm.minimap.shape_rectangle, showSelf=true, selfDisplayScale=1.0, showGrid=true, reticleOrientation=jm.minimap.orientation.compass, gameTimeRealFormat=HH:mm:ss, effectTranslateX=0, showWaypoints=true, minimapKeyMovementSpeed=0.001, showAnimals=true, infoSlotAlpha=0.7, effectTranslateY=0, showWaypointLabels=true, moveEffectIcons=true, position=jm.minimap.position_topright, fontScale=1.0, showPlayers=true, waypointIconScale=1.0, frameAlpha=100, effectReversed=false, backgroundAlpha=0.8, enabled=true, showVillagers=true, info2Label=jm.theme.labelsource.gametime, info3Label=jm.theme.labelsource.location, showMobs=true, waypointLabelScale=1.0, showReticle=true, orientation=jm.minimap.orientation.north, info4Label=jm.theme.labelsource.biome, locationFormat=xzyv, playerDisplay=jm.common.entity_display.dots, mobDisplayScale=1.0, showCaves=true, showMobHeading=true, locationFormatVerbose=true, info1Label=jm.theme.labelsource.blank}
FullMapProperties{state=Valid, file=journeymap.fullmap.config, configVersion=5.10.1, zoomLevel=0, showPlayers=true, waypointIconScale=1.0, showEntityNames=true, showPlayerHeading=true, showVillagers=true, showPlayerLoc=true, showKeys=true, playerDisplayScale=1.0, showMobs=true, showPets=true, waypointLabelScale=1.0, preferredMapType=day, mobDisplay=jm.common.entity_display.dots, showSelf=true, locationFormat=xzyv, playerDisplay=jm.common.entity_display.dots, mobDisplayScale=1.0, selfDisplayScale=1.0, showGrid=true, showMouseLoc=true, showWaypoints=true, showCaves=true, showAnimals=true, showMobHeading=true, showWaypointLabels=true, locationFormatVerbose=true, fontScale=1.0}
WaypointProperties{state=Valid, file=journeymap.waypoint.config, configVersion=5.10.1, autoRemoveDeathpointDistance=2, dateFormat=MM-dd-yyyy, autoRemoveDeathpoints=false, fullscreenDoubleClickToCreate=true, managerDimensionFocus=false, minDistance=4, boldLabel=false, textureSmall=true, showDeathpointlabel=true, beaconEnabled=true, createDeathpoints=true, showName=true, disableStrikeThrough=false, maxDistance=0, autoHideLabel=true, autoRemoveTempWaypoints=2, teleportCommand=/tp {name} {x} {y} {z}, showStaticBeam=true, shaderBeacon=false, timeFormat=HH:mm:ss, showDeviationLabel=false, showDistance=true, showRotatingBeam=true, fontScale=2.0, showTexture=true, managerEnabled=true}
WebMapProperties{state=Valid, file=journeymap.webmap.config, configVersion=5.10.1, port=8080, enabled=false}
CoreProperties{state=Valid, file=journeymap.core.config, configVersion=5.10.1, verboseColorPalette=false, maxPlayersData=32, mapSurfaceAboveCaves=true, dataCachingEnabled=true, optionsManagerViewed=null, announceMod=true, colorPassive=#bbbbbb, mapBlendWater=false, renderDistanceSurfaceMax=0, seedId=false, radarVerticalDistance=16, mapBlendGrass=true, recordCacheStats=false, hideSneakingEntities=true, revealShape=jm.minimap.shape_circle, mapBiome=true, alwaysMapSurface=false, colorVillager=#88e188, mapPlants=false, colorPet=#0077ff, radarLateralDistance=64, mapBathymetry=false, mapCrops=true, maxMobsData=32, mapPlantShadows=false, alwaysMapCaves=false, checkUpdates=true, mapBlendFoliage=true, hideSpectators=false, mappingEnabled=true, colorPlayer=#ffffff, tileHighDisplayQuality=true, cacheVillagersData=2200, logLevel=INFO, maxVillagersData=32, mapWaterBiomeColors=false, maxAnimalsData=32, mapTransparency=true, caveBlackAsClear=false, tileRenderType=1, caveIgnoreGlass=true, mapTopography=true, renderDistanceCaveMax=0, mapAntialiasing=true, colorSelf=#0000ff, cachePlayersData=2000, cacheMobsData=3000, cachePlayerData=1000, splashViewed=null, colorHostile=#ff0000, cacheAnimalsData=3100, themeName=OceanMonument, mapCaveLighting=true, renderDelay=2, glErrorChecking=false, autoMapPoll=2000}
[20:44:39] [Render thread/DEBUG] [ForgeEventHandlerManager] Handler registered: journeymap.client.event.forge.ForgeKeyEvents
[20:44:39] [Render thread/DEBUG] [ForgeEventHandlerManager] Handler registered: journeymap.client.event.forge.ForgeChatEvents
[20:44:39] [Render thread/DEBUG] [ForgeEventHandlerManager] Handler registered: journeymap.client.event.forge.ForgeHudOverlayEvents
[20:44:39] [Render thread/DEBUG] [ForgeEventHandlerManager] Handler registered: journeymap.client.event.forge.ForgeWorldEvent
[20:44:39] [Render thread/DEBUG] [ForgeEventHandlerManager] Handler registered: journeymap.client.event.forge.ForgeChunkEvents
[20:44:39] [Render thread/DEBUG] [ForgeEventHandlerManager] Handler registered: journeymap.client.event.forge.ForgeClientTickEvent
[20:44:39] [Render thread/DEBUG] [ForgeEventHandlerManager] Handler registered: journeymap.client.event.forge.ForgeRenderLevelLastEvent
[20:44:39] [Render thread/DEBUG] [ForgeEventHandlerManager] Handler registered: journeymap.client.event.forge.ForgeLoggedInEvent
[20:44:39] [Render thread/DEBUG] [ForgeEventHandlerManager] Handler registered: journeymap.client.event.forge.ForgeTextureStitchedEvent
[20:44:39] [Render thread/DEBUG] [ForgeEventHandlerManager] Handler registered: journeymap.client.event.forge.ForgePopupCustomEvents
[20:44:40] [Render thread/INFO] [JourneymapClient] initialize EXIT, elapsed count 1 avg 473.13ms
[20:45:20] [Render thread/INFO] [JourneymapClient] Journeymap PostInit
[20:45:20] [Render thread/DEBUG] [JourneymapClient] postInitialize ENTER
[20:45:20] [Render thread/TRACE] [ThemeLoader] Initializing themes ...
[20:45:20] [Render thread/INFO] [ThemeLoader] Preloaded theme textures: 73
[20:45:20] [Render thread/INFO] [JourneymapClient] postInitialize EXIT, elapsed count 1 avg 504.9ms
[20:45:21] [JM-VersionCheck-1/INFO] [VersionCheck] Newer version online: JourneyMap 5.10.3 for Minecraft 1.20.1 on https://www.curseforge.com/minecraft/mc-mods/journeymap/files/5789363
[20:46:44] [Server thread/INFO] [ForgeConfig] Loading JourneyMap Forge Configs
[20:47:06] [Server thread/INFO] [PropertiesBase] global (FirstLoaded) Setting config file to version "5.10.1": journeymap.server.global.config
[20:47:06] [Server thread/INFO] [PropertiesBase] global (Valid) Creating config file: D:\JUEGOS\MultiMC\instances\Lovernite Adventure 2\.minecraft\journeymap\server\5.10\journeymap.server.global.config
[20:47:07] [Server thread/INFO] [PropertiesBase] default (FirstLoaded) Setting config file to version "5.10.1": journeymap.server.default.config
[20:47:07] [Server thread/INFO] [PropertiesBase] default (Valid) Creating config file: D:\JUEGOS\MultiMC\instances\Lovernite Adventure 2\.minecraft\journeymap\server\5.10\journeymap.server.default.config
[20:47:07] [Server thread/INFO] [PropertiesBase] minecraft~overworld (Initialized) Setting config file to version "5.10.1": journeymap.server.minecraft~overworld.config
[20:47:07] [Server thread/INFO] [PropertiesBase] minecraft~overworld (Valid) Creating config file: D:\JUEGOS\MultiMC\instances\Lovernite Adventure 2\.minecraft\journeymap\server\5.10\journeymap.server.minecraft~overworld.config
[20:47:08] [Server thread/INFO] [PropertiesBase] minecraft~the_end (Initialized) Setting config file to version "5.10.1": journeymap.server.minecraft~the_end.config
[20:47:08] [Server thread/INFO] [PropertiesBase] minecraft~the_end (Valid) Creating config file: D:\JUEGOS\MultiMC\instances\Lovernite Adventure 2\.minecraft\journeymap\server\5.10\journeymap.server.minecraft~the_end.config
[20:47:08] [Server thread/INFO] [PropertiesBase] minecraft~the_nether (Initialized) Setting config file to version "5.10.1": journeymap.server.minecraft~the_nether.config
[20:47:08] [Server thread/INFO] [PropertiesBase] minecraft~the_nether (Valid) Creating config file: D:\JUEGOS\MultiMC\instances\Lovernite Adventure 2\.minecraft\journeymap\server\5.10\journeymap.server.minecraft~the_nether.config
[20:47:08] [Server thread/INFO] [PropertiesBase] graveyard~past (Initialized) Setting config file to version "5.10.1": journeymap.server.graveyard~past.config
[20:47:08] [Server thread/INFO] [PropertiesBase] graveyard~past (Valid) Creating config file: D:\JUEGOS\MultiMC\instances\Lovernite Adventure 2\.minecraft\journeymap\server\5.10\journeymap.server.graveyard~past.config
[20:47:08] [Server thread/INFO] [PropertiesBase] the_bumblezone~the_bumblezone (Initialized) Setting config file to version "5.10.1": journeymap.server.the_bumblezone~the_bumblezone.config
[20:47:08] [Server thread/INFO] [PropertiesBase] the_bumblezone~the_bumblezone (Valid) Creating config file: D:\JUEGOS\MultiMC\instances\Lovernite Adventure 2\.minecraft\journeymap\server\5.10\journeymap.server.the_bumblezone~the_bumblezone.config
[20:47:39] [Render thread/WARN] [PropertiesBase] core (Initialized) Bad configField entry during updateFrom(): optionsManagerViewed=null
[20:47:39] [Render thread/WARN] [PropertiesBase] core (Initialized) Bad configField entry during updateFrom(): splashViewed=null
[20:47:39] [Render thread/INFO] [ModBlockDelegate] Custom modded block handling enabled for biomesoplenty
[20:47:39] [Render thread/INFO] [WaypointStore] Loaded 0 waypoints from D:\JUEGOS\MultiMC\instances\Lovernite Adventure 2\.minecraft\journeymap\data\sp\world\waypoints
[20:47:39] [Render thread/INFO] [JourneymapClient] Mapping started in D:\JUEGOS\MultiMC\instances\Lovernite Adventure 2\.minecraft\journeymap\data\sp\world\overworld. Memory: 5548MB total, 2092MB free 
[20:48:03] [Render thread/WARN] [JMLogger] minecraft:dynamic/easy_npc_client_texture_humanoid_slim_ea845973-3c43-484f-a524-688c654f9c48_1 doesn't have /entity/ in path, so can't look for /entity_icon/
[20:48:03] [Render thread/WARN] [JMLogger] minecraft:dynamic/easy_npc_client_texture_humanoid_slim_bea76e3b-2173-4249-a910-4df609c692cc_1 doesn't have /entity/ in path, so can't look for /entity_icon/
[20:48:04] [Render thread/WARN] [JMLogger] minecraft:dynamic/easy_npc_client_texture_humanoid_slim_00e16498-62b9-4d26-98a5-bf51ff166325_1 doesn't have /entity/ in path, so can't look for /entity_icon/
[20:48:04] [Render thread/WARN] [JMLogger] minecraft:dynamic/easy_npc_client_texture_humanoid_slim_3b66c08f-79f3-4c3b-97d6-0865fab6190a_1 doesn't have /entity/ in path, so can't look for /entity_icon/
[20:48:04] [Render thread/WARN] [JMLogger] minecraft:dynamic/easy_npc_client_texture_humanoid_slim_5aae48e4-2dca-4a58-9eaf-f21efdf1eeec_1 doesn't have /entity/ in path, so can't look for /entity_icon/
[20:48:04] [Render thread/WARN] [JMLogger] Can't get entityTexture for vinery:textures/entity_icon/wandering_mule.png
[20:48:04] [Render thread/WARN] [JMLogger] Can't get entityTexture for minecraft:textures/entity_icon/villager/botanist.png
[20:48:05] [Render thread/WARN] [JMLogger] minecraft:dynamic/easy_npc_client_texture_humanoid_slim_b2bc15ea-c799-4933-80b3-60a732f80ec2_1 doesn't have /entity/ in path, so can't look for /entity_icon/
[20:48:05] [Render thread/WARN] [JMLogger] minecraft:dynamic/easy_npc_client_texture_humanoid_slim_a6c07576-4983-405b-924d-0492a8b69f6a_1 doesn't have /entity/ in path, so can't look for /entity_icon/
[20:48:05] [Render thread/WARN] [JMLogger] minecraft:dynamic/easy_npc_client_texture_humanoid_dab21994-ec10-4c31-ae46-72124dd07a43_1 doesn't have /entity/ in path, so can't look for /entity_icon/
[20:48:05] [Render thread/WARN] [JMLogger] minecraft:dynamic/easy_npc_client_texture_humanoid_slim_ed1cff53-f6ee-4b9d-a46a-ddceb4d9e29d_1 doesn't have /entity/ in path, so can't look for /entity_icon/
[20:48:05] [Render thread/WARN] [JMLogger] minecraft:dynamic/easy_npc_client_texture_humanoid_6f1d0b63-26eb-4886-b7e2-81fcfebc14de_1 doesn't have /entity/ in path, so can't look for /entity_icon/
[20:48:05] [Render thread/WARN] [JMLogger] Can't get entityTexture for irons_spellbooks:textures/entity_icon/priest/priest_armored.png
[20:48:05] [Render thread/WARN] [JMLogger] minecraft:dynamic/easy_npc_client_texture_humanoid_36649b76-ec31-3a7b-9291-8d369626f1a4_1 doesn't have /entity/ in path, so can't look for /entity_icon/
[20:48:05] [Render thread/WARN] [JMLogger] minecraft:dynamic/easy_npc_client_texture_humanoid_775f3b63-03b1-4172-be4b-97e68a0e7ff4_1 doesn't have /entity/ in path, so can't look for /entity_icon/
[20:48:05] [Render thread/WARN] [JMLogger] minecraft:dynamic/easy_npc_client_texture_humanoid_slim_049a8480-f234-4166-861a-45ce917cbc7a_1 doesn't have /entity/ in path, so can't look for /entity_icon/
[20:48:05] [Render thread/WARN] [JMLogger] minecraft:dynamic/easy_npc_client_texture_humanoid_slim_e1eec572-818f-4f97-8f3f-566e12f66652_1 doesn't have /entity/ in path, so can't look for /entity_icon/
[20:48:05] [Render thread/WARN] [JMLogger] minecraft:dynamic/easy_npc_client_texture_humanoid_slim_fb038c3c-570b-426c-883f-660b52ebe910_1 doesn't have /entity/ in path, so can't look for /entity_icon/
[20:48:05] [Render thread/WARN] [JMLogger] minecraft:dynamic/easy_npc_client_texture_humanoid_slim_215f0e5d-ae75-452f-9b00-d13e5483a13f_1 doesn't have /entity/ in path, so can't look for /entity_icon/
[20:48:06] [Render thread/WARN] [JMLogger] minecraft:dynamic/easy_npc_client_texture_humanoid_slim_4c239ed9-c8e3-410d-a61e-1a4336bb5941_1 doesn't have /entity/ in path, so can't look for /entity_icon/
[20:48:06] [Render thread/WARN] [JMLogger] minecraft:dynamic/easy_npc_client_texture_humanoid_slim_ddb5e90c-0f2c-43d6-a116-57afdf38ed19_1 doesn't have /entity/ in path, so can't look for /entity_icon/
[20:48:06] [Render thread/WARN] [JMLogger] minecraft:dynamic/easy_npc_client_texture_humanoid_d2d055fa-0e08-4afc-bcfe-460f570128f5_1 doesn't have /entity/ in path, so can't look for /entity_icon/
[20:48:06] [Render thread/WARN] [JMLogger] minecraft:dynamic/easy_npc_client_texture_humanoid_slim_49ab0682-3202-4486-adc5-d9dcfcad9aed_1 doesn't have /entity/ in path, so can't look for /entity_icon/
[20:48:06] [Render thread/WARN] [JMLogger] minecraft:dynamic/easy_npc_client_texture_humanoid_slim_6480cb37-7320-4245-ac48-919caf3130b8_1 doesn't have /entity/ in path, so can't look for /entity_icon/
[20:48:06] [Render thread/INFO] [ChatLog] JourneyMap: Press [J]
[20:48:23] [Render thread/INFO] [JourneymapClient] Mapping halted in D:\JUEGOS\MultiMC\instances\Lovernite Adventure 2\.minecraft\journeymap\data\mp\offline\minecraft:overworld
[20:48:23] [JM-task-4/WARN] [TaskBatch] TaskBatch thread interrupted: journeymap.client.task.multi.MapPlayerTask$MapPlayerTaskBatch@673a4a7a
[20:48:36] [Server thread/INFO] [ForgeConfig] Loading JourneyMap Forge Configs
